<?xml version="1.0" encoding="UTF-8"?>
<testng-results ignored="0" total="1" passed="1" failed="0" skipped="0">
  <reporter-output>
  </reporter-output>
  <suite started-at="2022-12-04T10:04:50 IST" name="Default suite" finished-at="2022-12-04T10:04:52 IST" duration-ms="1506">
    <groups>
    </groups>
    <test started-at="2022-12-04T10:04:50 IST" name="Default test" finished-at="2022-12-04T10:04:52 IST" duration-ms="1506">
      <class name="testscripts.ImageComparisonWithAshot">
        <test-method signature="comapreImage()[pri:0, instance:testscripts.ImageComparisonWithAshot@649bec2e]" started-at="2022-12-04T10:04:50 IST" name="comapreImage" finished-at="2022-12-04T10:04:52 IST" duration-ms="1468" status="PASS">
          <reporter-output>
          </reporter-output>
        </test-method> <!-- comapreImage -->
      </class> <!-- testscripts.ImageComparisonWithAshot -->
    </test> <!-- Default test -->
  </suite> <!-- Default suite -->
</testng-results>
